<?xml version="1.0" encoding="UTF-8"?>
<coverage generated="1721974124592" clover="3.2.0">
  <project timestamp="1721974124592" name="All files">
    <metrics statements="73" coveredstatements="70" conditionals="7" coveredconditionals="7" methods="15" coveredmethods="13" elements="95" coveredelements="90" complexity="0" loc="73" ncloc="73" packages="1" files="6" classes="6"/>
    <file name="Login.tsx" path="/Users/samarthshukla/Desktop/workspace/gmadpdonations-nextjs/components/Login.tsx">
      <metrics statements="22" coveredstatements="22" conditionals="3" coveredconditionals="3" methods="4" coveredmethods="4"/>
      <line num="2" count="1" type="stmt"/>
      <line num="3" count="1" type="stmt"/>
      <line num="4" count="1" type="stmt"/>
      <line num="6" count="1" type="stmt"/>
      <line num="13" count="1" type="stmt"/>
      <line num="14" count="15" type="stmt"/>
      <line num="15" count="15" type="stmt"/>
      <line num="19" count="15" type="stmt"/>
      <line num="21" count="15" type="stmt"/>
      <line num="22" count="8" type="stmt"/>
      <line num="23" count="8" type="stmt"/>
      <line num="29" count="15" type="stmt"/>
      <line num="30" count="3" type="stmt"/>
      <line num="31" count="3" type="stmt"/>
      <line num="32" count="3" type="stmt"/>
      <line num="34" count="2" type="cond" truecount="2" falsecount="0"/>
      <line num="35" count="1" type="stmt"/>
      <line num="36" count="1" type="stmt"/>
      <line num="38" count="1" type="stmt"/>
      <line num="41" count="1" type="stmt"/>
      <line num="42" count="1" type="stmt"/>
      <line num="112" count="5" type="stmt"/>
    </file>
    <file name="Mainsection.tsx" path="/Users/samarthshukla/Desktop/workspace/gmadpdonations-nextjs/components/Mainsection.tsx">
      <metrics statements="5" coveredstatements="5" conditionals="0" coveredconditionals="0" methods="1" coveredmethods="1"/>
      <line num="1" count="1" type="stmt"/>
      <line num="2" count="1" type="stmt"/>
      <line num="3" count="1" type="stmt"/>
      <line num="5" count="1" type="stmt"/>
      <line num="38" count="1" type="stmt"/>
    </file>
    <file name="RegistrationForm.tsx" path="/Users/samarthshukla/Desktop/workspace/gmadpdonations-nextjs/components/RegistrationForm.tsx">
      <metrics statements="31" coveredstatements="29" conditionals="4" coveredconditionals="4" methods="5" coveredmethods="4"/>
      <line num="2" count="1" type="stmt"/>
      <line num="3" count="1" type="stmt"/>
      <line num="8" count="1" type="stmt"/>
      <line num="9" count="7" type="stmt"/>
      <line num="11" count="7" type="stmt"/>
      <line num="12" count="3" type="stmt"/>
      <line num="13" count="0" type="stmt"/>
      <line num="16" count="3" type="stmt"/>
      <line num="20" count="7" type="stmt"/>
      <line num="21" count="2" type="stmt"/>
      <line num="22" count="2" type="stmt"/>
      <line num="24" count="2" type="stmt"/>
      <line num="25" count="2" type="stmt"/>
      <line num="27" count="2" type="stmt"/>
      <line num="28" count="2" type="stmt"/>
      <line num="29" count="2" type="stmt"/>
      <line num="31" count="2" type="stmt"/>
      <line num="43" count="2" type="cond" truecount="2" falsecount="0"/>
      <line num="44" count="1" type="stmt"/>
      <line num="45" count="1" type="stmt"/>
      <line num="46" count="1" type="stmt"/>
      <line num="50" count="1" type="stmt"/>
      <line num="51" count="1" type="stmt"/>
      <line num="53" count="1" type="stmt"/>
      <line num="54" count="1" type="stmt"/>
      <line num="55" count="1" type="stmt"/>
      <line num="56" count="1" type="stmt"/>
      <line num="60" count="1" type="stmt"/>
      <line num="63" count="0" type="stmt"/>
      <line num="65" count="2" type="stmt"/>
      <line num="156" count="3" type="stmt"/>
    </file>
    <file name="footer.tsx" path="/Users/samarthshukla/Desktop/workspace/gmadpdonations-nextjs/components/footer.tsx">
      <metrics statements="3" coveredstatements="3" conditionals="0" coveredconditionals="0" methods="1" coveredmethods="1"/>
      <line num="1" count="1" type="stmt"/>
      <line num="3" count="1" type="stmt"/>
      <line num="19" count="2" type="stmt"/>
    </file>
    <file name="form.tsx" path="/Users/samarthshukla/Desktop/workspace/gmadpdonations-nextjs/components/form.tsx">
      <metrics statements="5" coveredstatements="4" conditionals="0" coveredconditionals="0" methods="2" coveredmethods="1"/>
      <line num="2" count="1" type="stmt"/>
      <line num="6" count="1" type="stmt"/>
      <line num="8" count="2" type="stmt"/>
      <line num="9" count="0" type="stmt"/>
      <line num="123" count="2" type="stmt"/>
    </file>
    <file name="logout.tsx" path="/Users/samarthshukla/Desktop/workspace/gmadpdonations-nextjs/components/logout.tsx">
      <metrics statements="7" coveredstatements="7" conditionals="0" coveredconditionals="0" methods="2" coveredmethods="2"/>
      <line num="1" count="1" type="stmt"/>
      <line num="2" count="1" type="stmt"/>
      <line num="4" count="1" type="stmt"/>
      <line num="5" count="2" type="stmt"/>
      <line num="6" count="1" type="stmt"/>
      <line num="7" count="1" type="stmt"/>
      <line num="23" count="2" type="stmt"/>
    </file>
  </project>
</coverage>
