{"/Users/samarthshukla/Desktop/workspace/gmadpdonations-nextjs/components/Login.tsx": {"path":"/Users/samarthshukla/Desktop/workspace/gmadpdonations-nextjs/components/Login.tsx","statementMap":{"0":{"start":{"line":112,"column":0},"end":{"line":112,"column":15}},"1":{"start":{"line":2,"column":34},"end":{"line":2,"column":null}},"2":{"start":{"line":3,"column":49},"end":{"line":3,"column":null}},"3":{"start":{"line":4,"column":26},"end":{"line":4,"column":null}},"4":{"start":{"line":6,"column":18},"end":{"line":6,"column":null}},"5":{"start":{"line":13,"column":18},"end":{"line":110,"column":null}},"6":{"start":{"line":14,"column":17},"end":{"line":14,"column":null}},"7":{"start":{"line":15,"column":34},"end":{"line":18,"column":null}},"8":{"start":{"line":19,"column":28},"end":{"line":19,"column":null}},"9":{"start":{"line":21,"column":23},"end":{"line":27,"column":null}},"10":{"start":{"line":22,"column":28},"end":{"line":22,"column":40}},"11":{"start":{"line":23,"column":4},"end":{"line":26,"column":null}},"12":{"start":{"line":23,"column":35},"end":{"line":26,"column":null}},"13":{"start":{"line":29,"column":19},"end":{"line":44,"column":null}},"14":{"start":{"line":30,"column":4},"end":{"line":30,"column":null}},"15":{"start":{"line":31,"column":4},"end":{"line":43,"column":null}},"16":{"start":{"line":32,"column":23},"end":{"line":32,"column":null}},"17":{"start":{"line":34,"column":6},"end":{"line":39,"column":null}},"18":{"start":{"line":35,"column":8},"end":{"line":35,"column":null}},"19":{"start":{"line":36,"column":8},"end":{"line":36,"column":null}},"20":{"start":{"line":38,"column":8},"end":{"line":38,"column":null}},"21":{"start":{"line":41,"column":6},"end":{"line":41,"column":null}},"22":{"start":{"line":42,"column":6},"end":{"line":42,"column":null}},"23":{"start":{"line":112,"column":15},"end":{"line":112,"column":null}}},"fnMap":{"0":{"name":"(anonymous_5)","decl":{"start":{"line":13,"column":18},"end":{"line":13,"column":null}},"loc":{"start":{"line":13,"column":18},"end":{"line":110,"column":null}}},"1":{"name":"(anonymous_6)","decl":{"start":{"line":21,"column":23},"end":{"line":21,"column":24}},"loc":{"start":{"line":21,"column":24},"end":{"line":27,"column":null}}},"2":{"name":"(anonymous_7)","decl":{"start":{"line":23,"column":16},"end":{"line":23,"column":17}},"loc":{"start":{"line":23,"column":35},"end":{"line":26,"column":null}}},"3":{"name":"(anonymous_8)","decl":{"start":{"line":29,"column":19},"end":{"line":29,"column":26}},"loc":{"start":{"line":29,"column":26},"end":{"line":44,"column":null}}}},"branchMap":{"0":{"loc":{"start":{"line":34,"column":6},"end":{"line":39,"column":null}},"type":"if","locations":[{"start":{"line":34,"column":6},"end":{"line":39,"column":null}},{"start":{"line":37,"column":13},"end":{"line":39,"column":null}}]},"1":{"loc":{"start":{"line":60,"column":11},"end":{"line":60,"column":20}},"type":"binary-expr","locations":[{"start":{"line":60,"column":11},"end":{"line":60,"column":20}}]}},"s":{"0":5,"1":1,"2":1,"3":1,"4":1,"5":1,"6":15,"7":15,"8":15,"9":15,"10":8,"11":8,"12":8,"13":15,"14":3,"15":3,"16":3,"17":2,"18":1,"19":1,"20":1,"21":1,"22":1,"23":1},"f":{"0":15,"1":8,"2":8,"3":3},"b":{"0":[1,1],"1":[15]}}
,"/Users/samarthshukla/Desktop/workspace/gmadpdonations-nextjs/components/Mainsection.tsx": {"path":"/Users/samarthshukla/Desktop/workspace/gmadpdonations-nextjs/components/Mainsection.tsx","statementMap":{"0":{"start":{"line":38,"column":0},"end":{"line":38,"column":15}},"1":{"start":{"line":1,"column":18},"end":{"line":1,"column":null}},"2":{"start":{"line":2,"column":22},"end":{"line":2,"column":null}},"3":{"start":{"line":3,"column":18},"end":{"line":3,"column":null}},"4":{"start":{"line":5,"column":30},"end":{"line":36,"column":null}},"5":{"start":{"line":38,"column":15},"end":{"line":38,"column":null}}},"fnMap":{"0":{"name":"(anonymous_2)","decl":{"start":{"line":5,"column":30},"end":{"line":5,"column":null}},"loc":{"start":{"line":5,"column":30},"end":{"line":36,"column":null}}}},"branchMap":{},"s":{"0":1,"1":1,"2":1,"3":1,"4":1,"5":1},"f":{"0":1},"b":{}}
,"/Users/samarthshukla/Desktop/workspace/gmadpdonations-nextjs/components/RegistrationForm.tsx": {"path":"/Users/samarthshukla/Desktop/workspace/gmadpdonations-nextjs/components/RegistrationForm.tsx","statementMap":{"0":{"start":{"line":156,"column":0},"end":{"line":156,"column":15}},"1":{"start":{"line":2,"column":18},"end":{"line":2,"column":null}},"2":{"start":{"line":3,"column":36},"end":{"line":3,"column":null}},"3":{"start":{"line":8,"column":35},"end":{"line":154,"column":null}},"4":{"start":{"line":9,"column":36},"end":{"line":9,"column":null}},"5":{"start":{"line":11,"column":2},"end":{"line":17,"column":null}},"6":{"start":{"line":12,"column":18},"end":{"line":14,"column":null}},"7":{"start":{"line":13,"column":6},"end":{"line":13,"column":null}},"8":{"start":{"line":16,"column":4},"end":{"line":16,"column":null}},"9":{"start":{"line":16,"column":17},"end":{"line":16,"column":null}},"10":{"start":{"line":20,"column":23},"end":{"line":67,"column":null}},"11":{"start":{"line":21,"column":4},"end":{"line":21,"column":null}},"12":{"start":{"line":22,"column":4},"end":{"line":22,"column":null}},"13":{"start":{"line":24,"column":4},"end":{"line":66,"column":null}},"14":{"start":{"line":25,"column":23},"end":{"line":25,"column":null}},"15":{"start":{"line":27,"column":19},"end":{"line":27,"column":null}},"16":{"start":{"line":28,"column":20},"end":{"line":28,"column":null}},"17":{"start":{"line":29,"column":23},"end":{"line":29,"column":null}},"18":{"start":{"line":31,"column":23},"end":{"line":41,"column":null}},"19":{"start":{"line":43,"column":6},"end":{"line":61,"column":null}},"20":{"start":{"line":44,"column":19},"end":{"line":44,"column":null}},"21":{"start":{"line":45,"column":19},"end":{"line":45,"column":null}},"22":{"start":{"line":46,"column":8},"end":{"line":48,"column":null}},"23":{"start":{"line":50,"column":8},"end":{"line":50,"column":null}},"24":{"start":{"line":51,"column":8},"end":{"line":51,"column":null}},"25":{"start":{"line":53,"column":8},"end":{"line":53,"column":null}},"26":{"start":{"line":54,"column":19},"end":{"line":54,"column":null}},"27":{"start":{"line":55,"column":19},"end":{"line":55,"column":null}},"28":{"start":{"line":56,"column":8},"end":{"line":58,"column":null}},"29":{"start":{"line":60,"column":8},"end":{"line":60,"column":null}},"30":{"start":{"line":63,"column":6},"end":{"line":63,"column":null}},"31":{"start":{"line":65,"column":6},"end":{"line":65,"column":null}},"32":{"start":{"line":156,"column":15},"end":{"line":156,"column":null}}},"fnMap":{"0":{"name":"(anonymous_2)","decl":{"start":{"line":8,"column":35},"end":{"line":8,"column":null}},"loc":{"start":{"line":8,"column":35},"end":{"line":154,"column":null}}},"1":{"name":"(anonymous_3)","decl":{"start":{"line":11,"column":12},"end":{"line":11,"column":null}},"loc":{"start":{"line":11,"column":12},"end":{"line":17,"column":5}}},"2":{"name":"(anonymous_4)","decl":{"start":{"line":12,"column":29},"end":{"line":12,"column":null}},"loc":{"start":{"line":12,"column":29},"end":{"line":14,"column":7}}},"3":{"name":"(anonymous_5)","decl":{"start":{"line":16,"column":11},"end":{"line":16,"column":17}},"loc":{"start":{"line":16,"column":17},"end":{"line":16,"column":null}}},"4":{"name":"(anonymous_6)","decl":{"start":{"line":20,"column":23},"end":{"line":20,"column":30}},"loc":{"start":{"line":20,"column":30},"end":{"line":67,"column":null}}}},"branchMap":{"0":{"loc":{"start":{"line":43,"column":6},"end":{"line":61,"column":null}},"type":"if","locations":[{"start":{"line":43,"column":6},"end":{"line":61,"column":null}},{"start":{"line":52,"column":13},"end":{"line":61,"column":null}}]},"1":{"loc":{"start":{"line":141,"column":15},"end":{"line":146,"column":null}},"type":"cond-expr","locations":[{"start":{"line":142,"column":16},"end":{"line":146,"column":null}},{"start":{"line":146,"column":16},"end":{"line":146,"column":null}}]}},"s":{"0":3,"1":1,"2":1,"3":1,"4":7,"5":7,"6":3,"7":0,"8":3,"9":3,"10":7,"11":2,"12":2,"13":2,"14":2,"15":2,"16":2,"17":2,"18":2,"19":2,"20":1,"21":1,"22":1,"23":1,"24":1,"25":1,"26":1,"27":1,"28":1,"29":1,"30":0,"31":2,"32":1},"f":{"0":7,"1":3,"2":0,"3":3,"4":2},"b":{"0":[1,1],"1":[2,5]}}
,"/Users/samarthshukla/Desktop/workspace/gmadpdonations-nextjs/components/footer.tsx": {"path":"/Users/samarthshukla/Desktop/workspace/gmadpdonations-nextjs/components/footer.tsx","statementMap":{"0":{"start":{"line":19,"column":0},"end":{"line":19,"column":15}},"1":{"start":{"line":1,"column":18},"end":{"line":1,"column":null}},"2":{"start":{"line":3,"column":25},"end":{"line":17,"column":null}},"3":{"start":{"line":19,"column":15},"end":{"line":19,"column":null}}},"fnMap":{"0":{"name":"(anonymous_2)","decl":{"start":{"line":3,"column":25},"end":{"line":3,"column":null}},"loc":{"start":{"line":3,"column":25},"end":{"line":17,"column":null}}}},"branchMap":{},"s":{"0":2,"1":1,"2":1,"3":1},"f":{"0":2},"b":{}}
,"/Users/samarthshukla/Desktop/workspace/gmadpdonations-nextjs/components/form.tsx": {"path":"/Users/samarthshukla/Desktop/workspace/gmadpdonations-nextjs/components/form.tsx","statementMap":{"0":{"start":{"line":123,"column":0},"end":{"line":123,"column":15}},"1":{"start":{"line":2,"column":18},"end":{"line":2,"column":null}},"2":{"start":{"line":6,"column":23},"end":{"line":121,"column":null}},"3":{"start":{"line":8,"column":23},"end":{"line":9,"column":null}},"4":{"start":{"line":9,"column":4},"end":{"line":9,"column":27}},"5":{"start":{"line":123,"column":15},"end":{"line":123,"column":null}}},"fnMap":{"0":{"name":"(anonymous_2)","decl":{"start":{"line":6,"column":23},"end":{"line":6,"column":null}},"loc":{"start":{"line":6,"column":23},"end":{"line":121,"column":null}}},"1":{"name":"(anonymous_3)","decl":{"start":{"line":8,"column":23},"end":{"line":8,"column":30}},"loc":{"start":{"line":8,"column":30},"end":{"line":9,"column":null}}}},"branchMap":{},"s":{"0":2,"1":1,"2":1,"3":2,"4":0,"5":1},"f":{"0":2,"1":0},"b":{}}
,"/Users/samarthshukla/Desktop/workspace/gmadpdonations-nextjs/components/logout.tsx": {"path":"/Users/samarthshukla/Desktop/workspace/gmadpdonations-nextjs/components/logout.tsx","statementMap":{"0":{"start":{"line":23,"column":0},"end":{"line":23,"column":15}},"1":{"start":{"line":1,"column":18},"end":{"line":1,"column":null}},"2":{"start":{"line":2,"column":25},"end":{"line":2,"column":null}},"3":{"start":{"line":4,"column":25},"end":{"line":21,"column":null}},"4":{"start":{"line":5,"column":23},"end":{"line":8,"column":null}},"5":{"start":{"line":6,"column":4},"end":{"line":6,"column":null}},"6":{"start":{"line":7,"column":4},"end":{"line":7,"column":22}},"7":{"start":{"line":23,"column":15},"end":{"line":23,"column":null}}},"fnMap":{"0":{"name":"(anonymous_2)","decl":{"start":{"line":4,"column":25},"end":{"line":4,"column":null}},"loc":{"start":{"line":4,"column":25},"end":{"line":21,"column":null}}},"1":{"name":"(anonymous_3)","decl":{"start":{"line":5,"column":23},"end":{"line":5,"column":30}},"loc":{"start":{"line":5,"column":30},"end":{"line":8,"column":null}}}},"branchMap":{},"s":{"0":2,"1":1,"2":1,"3":1,"4":2,"5":1,"6":1,"7":1},"f":{"0":2,"1":1},"b":{}}
}
