TN:
SF:components/Login.tsx
FN:13,(anonymous_5)
FN:21,(anonymous_6)
FN:23,(anonymous_7)
FN:29,(anonymous_8)
FNF:4
FNH:4
FNDA:15,(anonymous_5)
FNDA:8,(anonymous_6)
FNDA:8,(anonymous_7)
FNDA:3,(anonymous_8)
DA:2,1
DA:3,1
DA:4,1
DA:6,1
DA:13,1
DA:14,15
DA:15,15
DA:19,15
DA:21,15
DA:22,8
DA:23,8
DA:29,15
DA:30,3
DA:31,3
DA:32,3
DA:34,2
DA:35,1
DA:36,1
DA:38,1
DA:41,1
DA:42,1
DA:112,5
LF:22
LH:22
BRDA:34,0,0,1
BRDA:34,0,1,1
BRDA:60,1,0,15
BRF:3
BRH:3
end_of_record
TN:
SF:components/Mainsection.tsx
FN:5,(anonymous_2)
FNF:1
FNH:1
FNDA:1,(anonymous_2)
DA:1,1
DA:2,1
DA:3,1
DA:5,1
DA:38,1
LF:5
LH:5
BRF:0
BRH:0
end_of_record
TN:
SF:components/RegistrationForm.tsx
FN:8,(anonymous_2)
FN:11,(anonymous_3)
FN:12,(anonymous_4)
FN:16,(anonymous_5)
FN:20,(anonymous_6)
FNF:5
FNH:4
FNDA:7,(anonymous_2)
FNDA:3,(anonymous_3)
FNDA:0,(anonymous_4)
FNDA:3,(anonymous_5)
FNDA:2,(anonymous_6)
DA:2,1
DA:3,1
DA:8,1
DA:9,7
DA:11,7
DA:12,3
DA:13,0
DA:16,3
DA:20,7
DA:21,2
DA:22,2
DA:24,2
DA:25,2
DA:27,2
DA:28,2
DA:29,2
DA:31,2
DA:43,2
DA:44,1
DA:45,1
DA:46,1
DA:50,1
DA:51,1
DA:53,1
DA:54,1
DA:55,1
DA:56,1
DA:60,1
DA:63,0
DA:65,2
DA:156,3
LF:31
LH:29
BRDA:43,0,0,1
BRDA:43,0,1,1
BRDA:141,1,0,2
BRDA:141,1,1,5
BRF:4
BRH:4
end_of_record
TN:
SF:components/footer.tsx
FN:3,(anonymous_2)
FNF:1
FNH:1
FNDA:2,(anonymous_2)
DA:1,1
DA:3,1
DA:19,2
LF:3
LH:3
BRF:0
BRH:0
end_of_record
TN:
SF:components/form.tsx
FN:6,(anonymous_2)
FN:8,(anonymous_3)
FNF:2
FNH:1
FNDA:2,(anonymous_2)
FNDA:0,(anonymous_3)
DA:2,1
DA:6,1
DA:8,2
DA:9,0
DA:123,2
LF:5
LH:4
BRF:0
BRH:0
end_of_record
TN:
SF:components/logout.tsx
FN:4,(anonymous_2)
FN:5,(anonymous_3)
FNF:2
FNH:2
FNDA:2,(anonymous_2)
FNDA:1,(anonymous_3)
DA:1,1
DA:2,1
DA:4,1
DA:5,2
DA:6,1
DA:7,1
DA:23,2
LF:7
LH:7
BRF:0
BRH:0
end_of_record
